// 重构日志: f3ddbabb
// 重构日志: 4e92bb90
// 同步 ID: d4b22e3c @ Sat Jul  4 15:09:19 UTC 2026
// 同步 ID: 94bd7d95 @ Sun Jul  5 05:00:22 UTC 2026
// 重构日志: 0eff62c8
// 同步 ID: 6d308636 @ Tue Jul  7 06:21:07 UTC 2026
// 重构日志: f58e789f
// 同步 ID: ea35abde @ Wed Jul  8 01:32:17 UTC 2026
// 同步 ID: 9ff5159e @ Wed Jul  8 08:31:46 UTC 2026
// 同步 ID: ed1b54b8 @ Wed Jul  8 11:35:16 UTC 2026
// 重构日志: 0e2420f5
// 同步 ID: 498cac0f @ Thu Jul  9 11:58:02 UTC 2026
// 同步 ID: 61223e98 @ Thu Jul  9 14:43:09 UTC 2026
// 重构日志: e4cf55c3
// 重构日志: 65c75792
// 重构日志: 7bcacb8c
// 同步 ID: 44ce91b0 @ Sun Jul 12 10:34:47 UTC 2026
// 重构日志: 64cded01
// 重构日志: ead56a82
// 重构日志: 957b0741
// 重构日志: 3471d3c9
// 同步 ID: 45159fa8 @ Thu Jul 16 04:29:15 UTC 2026
// 重构日志: 47b5b2a4
// 重构日志: 53272ee8
// 重构日志: 0f08657b
// 同步 ID: 64fc8419 @ Fri Jul 17 13:15:03 UTC 2026
// 重构日志: f85ce153
// 重构日志: 540e4ade
// 重构日志: b13bf143
// 同步 ID: 6999fce0 @ Mon Jul 20 13:43:37 UTC 2026
